2015-06-26 00:29:48+0900 [-] Log opened.
2015-06-26 00:29:48+0900 [-] twistd 13.2.0 (/usr/bin/python 2.7.6) starting up.
2015-06-26 00:29:48+0900 [-] reactor class: twisted.internet.epollreactor.EPollReactor.
2015-06-26 00:29:48+0900 [-] Traceback (most recent call last):
2015-06-26 00:29:48+0900 [-]   File "/usr/bin/twistd", line 14, in <module>
2015-06-26 00:29:48+0900 [-]     run()
2015-06-26 00:29:48+0900 [-]   File "/usr/lib/python2.7/dist-packages/twisted/scripts/twistd.py", line 27, in run
2015-06-26 00:29:49+0900 [-]     app.run(runApp, ServerOptions)
2015-06-26 00:29:49+0900 [-]   File "/usr/lib/python2.7/dist-packages/twisted/application/app.py", line 642, in run
2015-06-26 00:29:49+0900 [-]     runApp(config)
2015-06-26 00:29:49+0900 [-]   File "/usr/lib/python2.7/dist-packages/twisted/scripts/twistd.py", line 23, in runApp
2015-06-26 00:29:49+0900 [-]     _SomeApplicationRunner(config).run()
2015-06-26 00:29:49+0900 [-]   File "/usr/lib/python2.7/dist-packages/twisted/application/app.py", line 380, in run
2015-06-26 00:29:49+0900 [-]     self.postApplication()
2015-06-26 00:29:49+0900 [-]   File "/usr/lib/python2.7/dist-packages/twisted/scripts/_twistd_unix.py", line 193, in postApplication
2015-06-26 00:29:49+0900 [-]     self.startApplication(self.application)
2015-06-26 00:29:49+0900 [-]   File "/usr/lib/python2.7/dist-packages/twisted/scripts/_twistd_unix.py", line 381, in startApplication
2015-06-26 00:29:49+0900 [-]     service.IService(application).privilegedStartService()
2015-06-26 00:29:49+0900 [-]   File "/usr/lib/python2.7/dist-packages/twisted/application/service.py", line 277, in privilegedStartService
2015-06-26 00:29:49+0900 [-]     service.privilegedStartService()
2015-06-26 00:29:49+0900 [-]   File "/usr/lib/python2.7/dist-packages/twisted/application/internet.py", line 105, in privilegedStartService
2015-06-26 00:29:49+0900 [-]     self._port = self._getPort()
2015-06-26 00:29:49+0900 [-]   File "/usr/lib/python2.7/dist-packages/twisted/application/internet.py", line 133, in _getPort
2015-06-26 00:29:49+0900 [-]     'listen%s' % (self.method,))(*self.args, **self.kwargs)
2015-06-26 00:29:49+0900 [-]   File "/usr/lib/python2.7/dist-packages/twisted/internet/posixbase.py", line 495, in listenTCP
2015-06-26 00:29:49+0900 [-]     p.startListening()
2015-06-26 00:29:49+0900 [-]   File "/usr/lib/python2.7/dist-packages/twisted/internet/tcp.py", line 980, in startListening
2015-06-26 00:29:49+0900 [-]     raise CannotListenError(self.interface, self.port, le)
2015-06-26 00:29:49+0900 [-] twisted.internet.error.CannotListenError: Couldn't listen on any:50001: [Errno 98] Address already in use.
2015-06-26 00:33:26+0900 [-] Log opened.
2015-06-26 00:33:26+0900 [-] twistd 13.2.0 (/usr/bin/python 2.7.6) starting up.
2015-06-26 00:33:26+0900 [-] reactor class: twisted.internet.epollreactor.EPollReactor.
2015-06-26 00:33:26+0900 [-] Traceback (most recent call last):
2015-06-26 00:33:26+0900 [-]   File "/usr/bin/twistd", line 14, in <module>
2015-06-26 00:33:26+0900 [-]     run()
2015-06-26 00:33:26+0900 [-]   File "/usr/lib/python2.7/dist-packages/twisted/scripts/twistd.py", line 27, in run
2015-06-26 00:33:26+0900 [-]     app.run(runApp, ServerOptions)
2015-06-26 00:33:26+0900 [-]   File "/usr/lib/python2.7/dist-packages/twisted/application/app.py", line 642, in run
2015-06-26 00:33:26+0900 [-]     runApp(config)
2015-06-26 00:33:26+0900 [-]   File "/usr/lib/python2.7/dist-packages/twisted/scripts/twistd.py", line 23, in runApp
2015-06-26 00:33:26+0900 [-]     _SomeApplicationRunner(config).run()
2015-06-26 00:33:26+0900 [-]   File "/usr/lib/python2.7/dist-packages/twisted/application/app.py", line 380, in run
2015-06-26 00:33:26+0900 [-]     self.postApplication()
2015-06-26 00:33:26+0900 [-]   File "/usr/lib/python2.7/dist-packages/twisted/scripts/_twistd_unix.py", line 193, in postApplication
2015-06-26 00:33:26+0900 [-]     self.startApplication(self.application)
2015-06-26 00:33:26+0900 [-]   File "/usr/lib/python2.7/dist-packages/twisted/scripts/_twistd_unix.py", line 381, in startApplication
2015-06-26 00:33:26+0900 [-]     service.IService(application).privilegedStartService()
2015-06-26 00:33:26+0900 [-]   File "/usr/lib/python2.7/dist-packages/twisted/application/service.py", line 277, in privilegedStartService
2015-06-26 00:33:26+0900 [-]     service.privilegedStartService()
2015-06-26 00:33:26+0900 [-]   File "/usr/lib/python2.7/dist-packages/twisted/application/internet.py", line 105, in privilegedStartService
2015-06-26 00:33:26+0900 [-]     self._port = self._getPort()
2015-06-26 00:33:26+0900 [-]   File "/usr/lib/python2.7/dist-packages/twisted/application/internet.py", line 133, in _getPort
2015-06-26 00:33:26+0900 [-]     'listen%s' % (self.method,))(*self.args, **self.kwargs)
2015-06-26 00:33:26+0900 [-]   File "/usr/lib/python2.7/dist-packages/twisted/internet/posixbase.py", line 495, in listenTCP
2015-06-26 00:33:26+0900 [-]     p.startListening()
2015-06-26 00:33:26+0900 [-]   File "/usr/lib/python2.7/dist-packages/twisted/internet/tcp.py", line 980, in startListening
2015-06-26 00:33:26+0900 [-]     raise CannotListenError(self.interface, self.port, le)
2015-06-26 00:33:26+0900 [-] twisted.internet.error.CannotListenError: Couldn't listen on any:50001: [Errno 98] Address already in use.
2015-06-26 00:35:37+0900 [-] Log opened.
2015-06-26 00:35:37+0900 [-] twistd 13.2.0 (/usr/bin/python 2.7.6) starting up.
2015-06-26 00:35:37+0900 [-] reactor class: twisted.internet.epollreactor.EPollReactor.
2015-06-26 00:35:38+0900 [-] ServerFactory starting on 50001
2015-06-26 00:35:38+0900 [-] Starting factory <twisted.internet.protocol.ServerFactory instance at 0x7fc4e82dee18>
